2024-04-11 22:16:19.494 [restartedMain] INFO  nb.hanquoc.web.WebApplication - Starting WebApplication using Java 12.0.1 on DESKTOP-05CBL63 with PID 4260 (C:\Users\tuyen\Documents\NetBeansProjects\lshanthanh-web\target\classes started by tuyen in C:\Users\tuyen\Documents\NetBeansProjects\lshanthanh-web)
2024-04-11 22:16:19.494 [restartedMain] INFO  nb.hanquoc.web.WebApplication - No active profile set, falling back to default profiles: default
2024-04-11 22:16:19.556 [restartedMain] INFO  o.s.b.d.e.DevToolsPropertyDefaultsPostProcessor - Devtools property defaults active! Set 'spring.devtools.add-properties' to 'false' to disable
2024-04-11 22:16:19.556 [restartedMain] INFO  o.s.b.d.e.DevToolsPropertyDefaultsPostProcessor - For additional web related logging consider setting the 'logging.level.web' property to 'DEBUG'
2024-04-11 22:16:20.619 [restartedMain] INFO  o.s.d.r.c.RepositoryConfigurationDelegate - Bootstrapping Spring Data JPA repositories in DEFAULT mode.
2024-04-11 22:16:20.713 [restartedMain] INFO  o.s.d.r.c.RepositoryConfigurationDelegate - Finished Spring Data repository scanning in 79 ms. Found 5 JPA repository interfaces.
2024-04-11 22:16:21.889 [restartedMain] INFO  o.s.b.w.e.tomcat.TomcatWebServer - Tomcat initialized with port(s): 8080 (http)
2024-04-11 22:16:21.905 [restartedMain] INFO  o.a.coyote.http11.Http11NioProtocol - Initializing ProtocolHandler ["http-nio-8080"]
2024-04-11 22:16:21.905 [restartedMain] INFO  o.a.catalina.core.StandardService - Starting service [Tomcat]
2024-04-11 22:16:21.905 [restartedMain] INFO  o.a.catalina.core.StandardEngine - Starting Servlet engine: [Apache Tomcat/9.0.56]
2024-04-11 22:16:22.030 [restartedMain] INFO  o.a.c.c.C.[Tomcat].[localhost].[/] - Initializing Spring embedded WebApplicationContext
2024-04-11 22:16:22.030 [restartedMain] INFO  o.s.b.w.s.c.ServletWebServerApplicationContext - Root WebApplicationContext: initialization completed in 2474 ms
2024-04-11 22:16:22.327 [restartedMain] INFO  o.h.jpa.internal.util.LogHelper - HHH000204: Processing PersistenceUnitInfo [name: default]
2024-04-11 22:16:22.405 [restartedMain] INFO  org.hibernate.Version - HHH000412: Hibernate ORM core version 5.6.4.Final
2024-04-11 22:16:22.578 [restartedMain] INFO  o.h.annotations.common.Version - HCANN000001: Hibernate Commons Annotations {5.1.2.Final}
2024-04-11 22:16:22.704 [restartedMain] INFO  com.zaxxer.hikari.HikariDataSource - HikariPool-1 - Starting...
2024-04-11 22:16:22.829 [restartedMain] INFO  com.zaxxer.hikari.HikariDataSource - HikariPool-1 - Start completed.
2024-04-11 22:16:22.844 [restartedMain] INFO  org.hibernate.dialect.Dialect - HHH000400: Using dialect: org.hibernate.dialect.PostgreSQLDialect
2024-04-11 22:16:23.673 [restartedMain] INFO  o.h.e.t.j.p.i.JtaPlatformInitiator - HHH000490: Using JtaPlatform implementation: [org.hibernate.engine.transaction.jta.platform.internal.NoJtaPlatform]
2024-04-11 22:16:23.688 [restartedMain] INFO  o.s.o.j.LocalContainerEntityManagerFactoryBean - Initialized JPA EntityManagerFactory for persistence unit 'default'
2024-04-11 22:16:23.751 [restartedMain] WARN  o.s.b.a.o.j.JpaBaseConfiguration$JpaWebConfiguration - spring.jpa.open-in-view is enabled by default. Therefore, database queries may be performed during view rendering. Explicitly configure spring.jpa.open-in-view to disable this warning
2024-04-11 22:16:26.331 [restartedMain] INFO  o.s.s.web.DefaultSecurityFilterChain - Will secure any request with [org.springframework.security.web.context.request.async.WebAsyncManagerIntegrationFilter@191cd926, org.springframework.security.web.context.SecurityContextPersistenceFilter@188401d1, org.springframework.security.web.header.HeaderWriterFilter@fba6c3, org.springframework.security.web.authentication.logout.LogoutFilter@652296f1, org.springframework.security.web.authentication.UsernamePasswordAuthenticationFilter@65b3160b, org.springframework.security.web.authentication.ui.DefaultLoginPageGeneratingFilter@53429f67, org.springframework.security.web.authentication.ui.DefaultLogoutPageGeneratingFilter@167e378f, org.springframework.security.web.savedrequest.RequestCacheAwareFilter@7283a076, org.springframework.security.web.servletapi.SecurityContextHolderAwareRequestFilter@324b37fe, org.springframework.security.web.authentication.AnonymousAuthenticationFilter@ca803de, org.springframework.security.web.session.SessionManagementFilter@4bc32f3b, org.springframework.security.web.access.ExceptionTranslationFilter@7eb4432, org.springframework.security.web.access.intercept.FilterSecurityInterceptor@30598bc5]
2024-04-11 22:16:26.642 [restartedMain] INFO  o.s.b.a.w.s.WelcomePageHandlerMapping - Adding welcome page template: index
2024-04-11 22:16:26.860 [restartedMain] INFO  o.s.b.d.a.OptionalLiveReloadServer - LiveReload server is running on port 35729
2024-04-11 22:16:26.892 [restartedMain] INFO  o.a.coyote.http11.Http11NioProtocol - Starting ProtocolHandler ["http-nio-8080"]
2024-04-11 22:16:26.923 [restartedMain] INFO  o.s.b.w.e.tomcat.TomcatWebServer - Tomcat started on port(s): 8080 (http) with context path ''
2024-04-11 22:16:26.938 [restartedMain] INFO  nb.hanquoc.web.WebApplication - Started WebApplication in 7.942 seconds (JVM running for 8.604)
2024-04-11 23:22:49.306 INFO  nb.hanquoc.web.WebApplication - Starting WebApplication using Java 12.0.1 on DESKTOP-05CBL63 with PID 10992 (C:\Users\tuyen\Documents\GitHub\lshanthanh-web\target\classes started by tuyen in C:\Users\tuyen\Documents\GitHub\lshanthanh-web)
2024-04-11 23:22:49.306 INFO  nb.hanquoc.web.WebApplication - No active profile set, falling back to default profiles: default
2024-04-11 23:22:49.360 INFO  o.s.b.d.e.DevToolsPropertyDefaultsPostProcessor - Devtools property defaults active! Set 'spring.devtools.add-properties' to 'false' to disable
2024-04-11 23:22:49.361 INFO  o.s.b.d.e.DevToolsPropertyDefaultsPostProcessor - For additional web related logging consider setting the 'logging.level.web' property to 'DEBUG'
2024-04-11 23:22:49.921 INFO  o.s.d.r.c.RepositoryConfigurationDelegate - Bootstrapping Spring Data JPA repositories in DEFAULT mode.
2024-04-11 23:22:49.968 INFO  o.s.d.r.c.RepositoryConfigurationDelegate - Finished Spring Data repository scanning in 50 ms. Found 5 JPA repository interfaces.
2024-04-11 23:22:50.627 INFO  o.s.b.w.e.tomcat.TomcatWebServer - Tomcat initialized with port(s): 8080 (http)
2024-04-11 23:22:50.642 INFO  o.a.coyote.http11.Http11NioProtocol - Initializing ProtocolHandler ["http-nio-8080"]
2024-04-11 23:22:50.642 INFO  o.a.catalina.core.StandardService - Starting service [Tomcat]
2024-04-11 23:22:50.642 INFO  o.a.catalina.core.StandardEngine - Starting Servlet engine: [Apache Tomcat/9.0.56]
2024-04-11 23:22:50.729 INFO  o.a.c.c.C.[Tomcat].[localhost].[/] - Initializing Spring embedded WebApplicationContext
2024-04-11 23:22:50.729 INFO  o.s.b.w.s.c.ServletWebServerApplicationContext - Root WebApplicationContext: initialization completed in 1368 ms
2024-04-11 23:22:50.862 INFO  o.h.jpa.internal.util.LogHelper - HHH000204: Processing PersistenceUnitInfo [name: default]
2024-04-11 23:22:50.894 INFO  org.hibernate.Version - HHH000412: Hibernate ORM core version 5.6.4.Final
2024-04-11 23:22:50.988 INFO  o.h.annotations.common.Version - HCANN000001: Hibernate Commons Annotations {5.1.2.Final}
2024-04-11 23:22:51.050 INFO  com.zaxxer.hikari.HikariDataSource - HikariPool-1 - Starting...
2024-04-11 23:22:51.136 INFO  com.zaxxer.hikari.HikariDataSource - HikariPool-1 - Start completed.
2024-04-11 23:22:51.147 INFO  org.hibernate.dialect.Dialect - HHH000400: Using dialect: org.hibernate.dialect.PostgreSQLDialect
2024-04-11 23:22:51.761 INFO  o.h.e.t.j.p.i.JtaPlatformInitiator - HHH000490: Using JtaPlatform implementation: [org.hibernate.engine.transaction.jta.platform.internal.NoJtaPlatform]
2024-04-11 23:22:51.761 INFO  o.s.o.j.LocalContainerEntityManagerFactoryBean - Initialized JPA EntityManagerFactory for persistence unit 'default'
2024-04-11 23:22:51.819 WARN  o.s.b.a.o.j.JpaBaseConfiguration$JpaWebConfiguration - spring.jpa.open-in-view is enabled by default. Therefore, database queries may be performed during view rendering. Explicitly configure spring.jpa.open-in-view to disable this warning
2024-04-11 23:22:54.292 INFO  o.s.s.web.DefaultSecurityFilterChain - Will secure any request with [org.springframework.security.web.context.request.async.WebAsyncManagerIntegrationFilter@20d7a5c4, org.springframework.security.web.context.SecurityContextPersistenceFilter@6c45bcfa, org.springframework.security.web.header.HeaderWriterFilter@a53adb1, org.springframework.security.web.authentication.logout.LogoutFilter@1b62fb32, org.springframework.security.web.authentication.UsernamePasswordAuthenticationFilter@2d63a376, org.springframework.security.web.authentication.ui.DefaultLoginPageGeneratingFilter@757c5958, org.springframework.security.web.authentication.ui.DefaultLogoutPageGeneratingFilter@15b7dd5a, org.springframework.security.web.savedrequest.RequestCacheAwareFilter@3752b347, org.springframework.security.web.servletapi.SecurityContextHolderAwareRequestFilter@2165354d, org.springframework.security.web.authentication.AnonymousAuthenticationFilter@40ce2497, org.springframework.security.web.session.SessionManagementFilter@71a6e3da, org.springframework.security.web.access.ExceptionTranslationFilter@576524e0, org.springframework.security.web.access.intercept.FilterSecurityInterceptor@76605ac2]
2024-04-11 23:22:54.469 INFO  o.s.b.a.w.s.WelcomePageHandlerMapping - Adding welcome page template: index
2024-04-11 23:22:54.581 INFO  o.s.b.d.a.OptionalLiveReloadServer - LiveReload server is running on port 35729
2024-04-11 23:22:54.581 INFO  o.a.coyote.http11.Http11NioProtocol - Starting ProtocolHandler ["http-nio-8080"]
2024-04-11 23:22:54.596 INFO  o.s.b.w.e.tomcat.TomcatWebServer - Tomcat started on port(s): 8080 (http) with context path ''
2024-04-11 23:22:54.612 INFO  nb.hanquoc.web.WebApplication - Started WebApplication in 5.65 seconds (JVM running for 6.069)
2024-04-11 23:23:02.095 INFO  o.a.c.c.C.[Tomcat].[localhost].[/] - Initializing Spring DispatcherServlet 'dispatcherServlet'
2024-04-11 23:23:02.095 INFO  o.s.web.servlet.DispatcherServlet - Initializing Servlet 'dispatcherServlet'
2024-04-11 23:23:02.095 INFO  o.s.web.servlet.DispatcherServlet - Completed initialization in 0 ms
2024-04-11 23:23:02.273 WARN  o.a.c.util.SessionIdGeneratorBase - Creation of SecureRandom instance for session ID generation using [SHA1PRNG] took [148] milliseconds.
2024-04-11 23:23:25.677 INFO  n.h.w.c.RegistrationOfBirthCertificateController - RegistrationOfBirthCertificate [id=26163, childVietnameseFullName=NGUYỄN NGÂN YẾN, childForeignFullName=KANG DARAE, childDateOfBirth=20/08/2019, childGender=Nữ, childEthnicGroup=Kinh, childPlaceOfBirth=Tỉnh Jeollanam, childPlaceOfOrigin=Hàn Quốc, childBirthCertificateNumber=190820-4574024, childBirthCertificateIssuedDate=10/09/2019, childBirthCertificateIssuedPlace=(phòng Tiếp Dân Jungbu) Yeosu-si, Jeollanam-do, motherFullName=NGUYỄN THỊ CẨM NHÂN, motherDateOfBirth=30/01/1988, motherEthnicGroup=Kinh, motherNationality=Việt Nam, motherResidence=Tỉnh Jeollanam, motherPassportNumber=K0476722, fatherFullName=KANG HUN, fatherDateOfBirth=20/02/1979, fatherEthnicGroup=, fatherNationality=Hàn Quốc, fatherResidence=Tỉnh Jeollanam, fatherPassportNumber=M53651337, downloadCode=221794, createdBy=nvseoul, createdAt=2024-04-11 11:23:25]
2024-04-11 23:24:46.507 INFO  o.s.o.j.LocalContainerEntityManagerFactoryBean - Closing JPA EntityManagerFactory for persistence unit 'default'
2024-04-11 23:24:46.507 INFO  com.zaxxer.hikari.HikariDataSource - HikariPool-1 - Shutdown initiated...
2024-04-11 23:24:46.522 INFO  com.zaxxer.hikari.HikariDataSource - HikariPool-1 - Shutdown completed.
2024-04-11 23:26:05.901 INFO  nb.hanquoc.web.WebApplication - Starting WebApplication using Java 12.0.1 on DESKTOP-05CBL63 with PID 3740 (C:\Users\tuyen\Documents\GitHub\lshanthanh-web\target\classes started by tuyen in C:\Users\tuyen\Documents\GitHub\lshanthanh-web)
2024-04-11 23:26:05.902 INFO  nb.hanquoc.web.WebApplication - No active profile set, falling back to default profiles: default
2024-04-11 23:26:05.951 INFO  o.s.b.d.e.DevToolsPropertyDefaultsPostProcessor - Devtools property defaults active! Set 'spring.devtools.add-properties' to 'false' to disable
2024-04-11 23:26:05.951 INFO  o.s.b.d.e.DevToolsPropertyDefaultsPostProcessor - For additional web related logging consider setting the 'logging.level.web' property to 'DEBUG'
2024-04-11 23:26:06.518 INFO  o.s.d.r.c.RepositoryConfigurationDelegate - Bootstrapping Spring Data JPA repositories in DEFAULT mode.
2024-04-11 23:26:06.575 INFO  o.s.d.r.c.RepositoryConfigurationDelegate - Finished Spring Data repository scanning in 50 ms. Found 5 JPA repository interfaces.
2024-04-11 23:26:07.234 INFO  o.s.b.w.e.tomcat.TomcatWebServer - Tomcat initialized with port(s): 8080 (http)
2024-04-11 23:26:07.242 INFO  o.a.coyote.http11.Http11NioProtocol - Initializing ProtocolHandler ["http-nio-8080"]
2024-04-11 23:26:07.242 INFO  o.a.catalina.core.StandardService - Starting service [Tomcat]
2024-04-11 23:26:07.242 INFO  o.a.catalina.core.StandardEngine - Starting Servlet engine: [Apache Tomcat/9.0.56]
2024-04-11 23:26:07.323 INFO  o.a.c.c.C.[Tomcat].[localhost].[/] - Initializing Spring embedded WebApplicationContext
2024-04-11 23:26:07.324 INFO  o.s.b.w.s.c.ServletWebServerApplicationContext - Root WebApplicationContext: initialization completed in 1372 ms
2024-04-11 23:26:07.487 INFO  o.h.jpa.internal.util.LogHelper - HHH000204: Processing PersistenceUnitInfo [name: default]
2024-04-11 23:26:07.519 INFO  org.hibernate.Version - HHH000412: Hibernate ORM core version 5.6.4.Final
2024-04-11 23:26:07.607 INFO  o.h.annotations.common.Version - HCANN000001: Hibernate Commons Annotations {5.1.2.Final}
2024-04-11 23:26:07.672 INFO  com.zaxxer.hikari.HikariDataSource - HikariPool-1 - Starting...
2024-04-11 23:26:07.747 INFO  com.zaxxer.hikari.HikariDataSource - HikariPool-1 - Start completed.
2024-04-11 23:26:07.757 INFO  org.hibernate.dialect.Dialect - HHH000400: Using dialect: org.hibernate.dialect.PostgreSQLDialect
2024-04-11 23:26:08.387 INFO  o.h.e.t.j.p.i.JtaPlatformInitiator - HHH000490: Using JtaPlatform implementation: [org.hibernate.engine.transaction.jta.platform.internal.NoJtaPlatform]
2024-04-11 23:26:08.393 INFO  o.s.o.j.LocalContainerEntityManagerFactoryBean - Initialized JPA EntityManagerFactory for persistence unit 'default'
2024-04-11 23:26:08.432 WARN  o.s.b.a.o.j.JpaBaseConfiguration$JpaWebConfiguration - spring.jpa.open-in-view is enabled by default. Therefore, database queries may be performed during view rendering. Explicitly configure spring.jpa.open-in-view to disable this warning
2024-04-11 23:26:10.680 INFO  o.s.s.web.DefaultSecurityFilterChain - Will secure any request with [org.springframework.security.web.context.request.async.WebAsyncManagerIntegrationFilter@2b145de6, org.springframework.security.web.context.SecurityContextPersistenceFilter@87c8e91, org.springframework.security.web.header.HeaderWriterFilter@311e0187, org.springframework.security.web.authentication.logout.LogoutFilter@22c51de1, org.springframework.security.web.authentication.UsernamePasswordAuthenticationFilter@3699c9c5, org.springframework.security.web.authentication.ui.DefaultLoginPageGeneratingFilter@268b870f, org.springframework.security.web.authentication.ui.DefaultLogoutPageGeneratingFilter@b9cd8d8, org.springframework.security.web.savedrequest.RequestCacheAwareFilter@1136bd4c, org.springframework.security.web.servletapi.SecurityContextHolderAwareRequestFilter@6d3f3b0b, org.springframework.security.web.authentication.AnonymousAuthenticationFilter@4d3d78df, org.springframework.security.web.session.SessionManagementFilter@2bfaae60, org.springframework.security.web.access.ExceptionTranslationFilter@2acdacd0, org.springframework.security.web.access.intercept.FilterSecurityInterceptor@48c8786f]
2024-04-11 23:26:10.831 INFO  o.s.b.a.w.s.WelcomePageHandlerMapping - Adding welcome page template: index
2024-04-11 23:26:10.946 INFO  o.s.b.d.a.OptionalLiveReloadServer - LiveReload server is running on port 35729
2024-04-11 23:26:10.957 INFO  o.a.coyote.http11.Http11NioProtocol - Starting ProtocolHandler ["http-nio-8080"]
2024-04-11 23:26:10.969 INFO  o.s.b.w.e.tomcat.TomcatWebServer - Tomcat started on port(s): 8080 (http) with context path ''
2024-04-11 23:26:10.978 INFO  nb.hanquoc.web.WebApplication - Started WebApplication in 5.434 seconds (JVM running for 5.846)
2024-04-11 23:26:11.883 INFO  o.s.o.j.LocalContainerEntityManagerFactoryBean - Closing JPA EntityManagerFactory for persistence unit 'default'
2024-04-11 23:26:11.886 INFO  com.zaxxer.hikari.HikariDataSource - HikariPool-1 - Shutdown initiated...
2024-04-11 23:26:11.891 INFO  com.zaxxer.hikari.HikariDataSource - HikariPool-1 - Shutdown completed.
2024-04-11 23:26:23.600 INFO  nb.hanquoc.web.WebApplication - Starting WebApplication using Java 12.0.1 on DESKTOP-05CBL63 with PID 7932 (C:\Users\tuyen\Documents\GitHub\lshanthanh-web\target\classes started by tuyen in C:\Users\tuyen\Documents\GitHub\lshanthanh-web)
2024-04-11 23:26:23.602 INFO  nb.hanquoc.web.WebApplication - No active profile set, falling back to default profiles: default
2024-04-11 23:26:23.652 INFO  o.s.b.d.e.DevToolsPropertyDefaultsPostProcessor - Devtools property defaults active! Set 'spring.devtools.add-properties' to 'false' to disable
2024-04-11 23:26:23.653 INFO  o.s.b.d.e.DevToolsPropertyDefaultsPostProcessor - For additional web related logging consider setting the 'logging.level.web' property to 'DEBUG'
2024-04-11 23:26:24.236 INFO  o.s.d.r.c.RepositoryConfigurationDelegate - Bootstrapping Spring Data JPA repositories in DEFAULT mode.
2024-04-11 23:26:24.301 INFO  o.s.d.r.c.RepositoryConfigurationDelegate - Finished Spring Data repository scanning in 56 ms. Found 5 JPA repository interfaces.
2024-04-11 23:26:24.957 INFO  o.s.b.w.e.tomcat.TomcatWebServer - Tomcat initialized with port(s): 8080 (http)
2024-04-11 23:26:24.964 INFO  o.a.coyote.http11.Http11NioProtocol - Initializing ProtocolHandler ["http-nio-8080"]
2024-04-11 23:26:24.965 INFO  o.a.catalina.core.StandardService - Starting service [Tomcat]
2024-04-11 23:26:24.966 INFO  o.a.catalina.core.StandardEngine - Starting Servlet engine: [Apache Tomcat/9.0.56]
2024-04-11 23:26:25.062 INFO  o.a.c.c.C.[Tomcat].[localhost].[/] - Initializing Spring embedded WebApplicationContext
2024-04-11 23:26:25.062 INFO  o.s.b.w.s.c.ServletWebServerApplicationContext - Root WebApplicationContext: initialization completed in 1407 ms
2024-04-11 23:26:25.245 INFO  o.h.jpa.internal.util.LogHelper - HHH000204: Processing PersistenceUnitInfo [name: default]
2024-04-11 23:26:25.285 INFO  org.hibernate.Version - HHH000412: Hibernate ORM core version 5.6.4.Final
2024-04-11 23:26:25.385 INFO  o.h.annotations.common.Version - HCANN000001: Hibernate Commons Annotations {5.1.2.Final}
2024-04-11 23:26:25.459 INFO  com.zaxxer.hikari.HikariDataSource - HikariPool-1 - Starting...
2024-04-11 23:26:25.540 INFO  com.zaxxer.hikari.HikariDataSource - HikariPool-1 - Start completed.
2024-04-11 23:26:25.558 INFO  org.hibernate.dialect.Dialect - HHH000400: Using dialect: org.hibernate.dialect.PostgreSQLDialect
2024-04-11 23:26:26.142 INFO  o.h.e.t.j.p.i.JtaPlatformInitiator - HHH000490: Using JtaPlatform implementation: [org.hibernate.engine.transaction.jta.platform.internal.NoJtaPlatform]
2024-04-11 23:26:26.152 INFO  o.s.o.j.LocalContainerEntityManagerFactoryBean - Initialized JPA EntityManagerFactory for persistence unit 'default'
2024-04-11 23:26:26.206 WARN  o.s.b.a.o.j.JpaBaseConfiguration$JpaWebConfiguration - spring.jpa.open-in-view is enabled by default. Therefore, database queries may be performed during view rendering. Explicitly configure spring.jpa.open-in-view to disable this warning
2024-04-11 23:26:28.497 INFO  o.s.s.web.DefaultSecurityFilterChain - Will secure any request with [org.springframework.security.web.context.request.async.WebAsyncManagerIntegrationFilter@5c772cda, org.springframework.security.web.context.SecurityContextPersistenceFilter@7a041a27, org.springframework.security.web.header.HeaderWriterFilter@597affe, org.springframework.security.web.authentication.logout.LogoutFilter@2bd961c8, org.springframework.security.web.authentication.UsernamePasswordAuthenticationFilter@4892b6a7, org.springframework.security.web.authentication.ui.DefaultLoginPageGeneratingFilter@1bb66b55, org.springframework.security.web.authentication.ui.DefaultLogoutPageGeneratingFilter@1172da71, org.springframework.security.web.savedrequest.RequestCacheAwareFilter@1cc16fb9, org.springframework.security.web.servletapi.SecurityContextHolderAwareRequestFilter@414ce760, org.springframework.security.web.authentication.AnonymousAuthenticationFilter@297b3747, org.springframework.security.web.session.SessionManagementFilter@588dd6e7, org.springframework.security.web.access.ExceptionTranslationFilter@35defa1e, org.springframework.security.web.access.intercept.FilterSecurityInterceptor@5e6e0d0d]
2024-04-11 23:26:28.656 INFO  o.s.b.a.w.s.WelcomePageHandlerMapping - Adding welcome page template: index
2024-04-11 23:26:28.783 INFO  o.s.b.d.a.OptionalLiveReloadServer - LiveReload server is running on port 35729
2024-04-11 23:26:28.794 INFO  o.a.coyote.http11.Http11NioProtocol - Starting ProtocolHandler ["http-nio-8080"]
2024-04-11 23:26:28.808 INFO  o.s.b.w.e.tomcat.TomcatWebServer - Tomcat started on port(s): 8080 (http) with context path ''
2024-04-11 23:26:28.821 INFO  nb.hanquoc.web.WebApplication - Started WebApplication in 5.577 seconds (JVM running for 6.038)
2024-04-11 23:26:33.328 INFO  o.s.o.j.LocalContainerEntityManagerFactoryBean - Closing JPA EntityManagerFactory for persistence unit 'default'
2024-04-11 23:26:33.328 INFO  com.zaxxer.hikari.HikariDataSource - HikariPool-1 - Shutdown initiated...
2024-04-11 23:26:33.328 INFO  com.zaxxer.hikari.HikariDataSource - HikariPool-1 - Shutdown completed.
